#
# A fatal error has been detected by the Java Runtime Environment:
#
#  EXCEPTION_ACCESS_VIOLATION (0xc0000005) at pc=0x00007ff87649c1aa, pid=14204, tid=0x0000000000000c9c
#
# JRE version: Java(TM) SE Runtime Environment (8.0_191-b12) (build 1.8.0_191-b12)
# Java VM: Java HotSpot(TM) 64-Bit Server VM (25.191-b12 mixed mode windows-amd64 compressed oops)
# Problematic frame:
# C  [ntdll.dll+0x1c1aa]
#
# Failed to write core dump. Minidumps are not enabled by default on client versions of Windows
#
# If you would like to submit a bug report, please visit:
#   http://bugreport.java.com/bugreport/crash.jsp
# The crash happened outside the Java Virtual Machine in native code.
# See problematic frame for where to report the bug.
#

---------------  T H R E A D  ---------------

Current thread (0x0000000002a7e800):  JavaThread "main" [_thread_in_native, id=3228, stack(0x0000000002ec0000,0x0000000002fc0000)]

siginfo: ExceptionCode=0xc0000005, reading address 0x0000000000c38168

Registers:
RAX=0x0000000019c312e0, RBX=0x0000000019c30000, RCX=0x0000000000000012, RDX=0x0000000000000000
RSP=0x0000000002fbe5e0, RBP=0x0000000000000000, RSI=0x0000000019c312e0, RDI=0x0000000012000012
R8 =0x0000000019c30150, R9 =0x0000000000000020, R10=0x00000000172d44e0, R11=0x00007ff876599400
R12=0x0000000019c30150, R13=0x0000000000c38160, R14=0x0000000019c312d0, R15=0x0000000019c302c8
RIP=0x00007ff87649c1aa, EFLAGS=0x0000000000010202

Top of Stack: (sp=0x0000000002fbe5e0)
0x0000000002fbe5e0:   0000000000000001 0000000077d785e0
0x0000000002fbe5f0:   0000000000000010 0000000002a7e800
0x0000000002fbe600:   0000000002a7dfc0 0000000002a7ec90
0x0000000002fbe610:   0000000102a7ec01 0000000000000000
0x0000000002fbe620:   00000000000000d8 0000000000000000
0x0000000002fbe630:   0000000000000000 0000000000000002
0x0000000002fbe640:   0000000000000001 0000000019c30150
0x0000000002fbe650:   0000000002a7e800 0000000002fbe8e8
0x0000000002fbe660:   00000000172d44e0 0000000077775790
0x0000000002fbe670:   0000000019c312d0 0000000077894d62
0x0000000002fbe680:   0000000002fbe8b8 0000000000000002
0x0000000002fbe690:   0000000002fbe7a0 000000000000000c
0x0000000002fbe6a0:   0000000002fbe728 0000000077775f83
0x0000000002fbe6b0:   0000000002a7e800 000000007758f265
0x0000000002fbe6c0:   0000000002fbe6c0 0000000017312600
0x0000000002fbe6d0:   0000000002a7e800 000000001738d750 

Instructions: (pc=0x00007ff87649c1aa)
0x00007ff87649c18a:   08 0f b7 d1 66 c1 ea 08 49 3b cd 0f 82 ef 17 00
0x00007ff87649c19a:   00 4c 8b 2e 4d 8b 46 18 4c 89 44 24 68 49 8b 00
0x00007ff87649c1aa:   4d 8b 4d 08 49 3b c1 0f 85 b0 17 00 00 48 3b c6
0x00007ff87649c1ba:   0f 85 a7 17 00 00 48 29 8b c0 00 00 00 48 8b bb 


Register to memory mapping:

RAX=0x0000000019c312e0 is an unknown value
RBX=0x0000000019c30000 is an unknown value
RCX=0x0000000000000012 is an unknown value
RDX=0x0000000000000000 is an unknown value
RSP=0x0000000002fbe5e0 is pointing into the stack for thread: 0x0000000002a7e800
RBP=0x0000000000000000 is an unknown value
RSI=0x0000000019c312e0 is an unknown value
RDI=0x0000000012000012 is an unknown value
R8 =0x0000000019c30150 is an unknown value
R9 =0x0000000000000020 is an unknown value
R10={method} {0x00000000172d44e8} 'getBytes' '()[B' in 'java/lang/String'
R11=0x00007ff876599400 is an unknown value
R12=0x0000000019c30150 is an unknown value
R13=0x0000000000c38160 is an unknown value
R14=0x0000000019c312d0 is an unknown value
R15=0x0000000019c302c8 is an unknown value


Stack: [0x0000000002ec0000,0x0000000002fc0000],  sp=0x0000000002fbe5e0,  free space=1017k
Native frames: (J=compiled Java code, j=interpreted, Vv=VM code, C=native code)

Java frames: (J=compiled Java code, j=interpreted, Vv=VM code)
j  com.sun.jna.NativeLibrary.findSymbol(JLjava/lang/String;)J+0
j  com.sun.jna.NativeLibrary.getSymbolAddress(Ljava/lang/String;)J+24
j  com.sun.jna.Function.<init>(Lcom/sun/jna/NativeLibrary;Ljava/lang/String;I)V+41
j  com.sun.jna.NativeLibrary.getFunction(Ljava/lang/String;I)Lcom/sun/jna/Function;+48
j  com.sun.jna.Library$Handler.invoke(Ljava/lang/Object;Ljava/lang/reflect/Method;[Ljava/lang/Object;)Ljava/lang/Object;+231
j  com.sun.proxy.$Proxy0.NET_DVR_GetLastError()I+9
j  com.JNA2.hiktest.main([Ljava/lang/String;)V+254
v  ~StubRoutines::call_stub

---------------  P R O C E S S  ---------------

Java Threads: ( => current thread )
  0x0000000019058000 JavaThread "Service Thread" daemon [_thread_blocked, id=8016, stack(0x00000000198d0000,0x00000000199d0000)]
  0x000000001902e800 JavaThread "C1 CompilerThread2" daemon [_thread_blocked, id=12756, stack(0x00000000197d0000,0x00000000198d0000)]
  0x0000000019013000 JavaThread "C2 CompilerThread1" daemon [_thread_blocked, id=11948, stack(0x00000000196d0000,0x00000000197d0000)]
  0x0000000017ccb800 JavaThread "C2 CompilerThread0" daemon [_thread_blocked, id=5256, stack(0x00000000195d0000,0x00000000196d0000)]
  0x0000000017cca000 JavaThread "Attach Listener" daemon [_thread_blocked, id=5868, stack(0x00000000194d0000,0x00000000195d0000)]
  0x0000000017c7f800 JavaThread "Signal Dispatcher" daemon [_thread_blocked, id=13992, stack(0x00000000193d0000,0x00000000194d0000)]
  0x00000000030bb800 JavaThread "Finalizer" daemon [_thread_blocked, id=2920, stack(0x0000000018ed0000,0x0000000018fd0000)]
  0x00000000030b3000 JavaThread "Reference Handler" daemon [_thread_blocked, id=13632, stack(0x0000000018dd0000,0x0000000018ed0000)]
=>0x0000000002a7e800 JavaThread "main" [_thread_in_native, id=3228, stack(0x0000000002ec0000,0x0000000002fc0000)]

Other Threads:
  0x0000000017c37800 VMThread [stack: 0x0000000018cd0000,0x0000000018dd0000] [id=8844]
  0x000000001904d800 WatcherThread [stack: 0x00000000199d0000,0x0000000019ad0000] [id=15176]

VM state:not at safepoint (normal execution)

VM Mutex/Monitor currently owned by a thread: None

Heap:
 PSYoungGen      total 38400K, used 3328K [0x00000000d5980000, 0x00000000d8400000, 0x0000000100000000)
  eden space 33280K, 10% used [0x00000000d5980000,0x00000000d5cc00c0,0x00000000d7a00000)
  from space 5120K, 0% used [0x00000000d7f00000,0x00000000d7f00000,0x00000000d8400000)
  to   space 5120K, 0% used [0x00000000d7a00000,0x00000000d7a00000,0x00000000d7f00000)
 ParOldGen       total 87552K, used 0K [0x0000000080c00000, 0x0000000086180000, 0x00000000d5980000)
  object space 87552K, 0% used [0x0000000080c00000,0x0000000080c00000,0x0000000086180000)
 Metaspace       used 4390K, capacity 4856K, committed 5120K, reserved 1056768K
  class space    used 482K, capacity 496K, committed 512K, reserved 1048576K

Card table byte_map: [0x0000000012480000,0x0000000012880000] byte_map_base: 0x000000001207a000

Marking Bits: (ParMarkBitMap*) 0x0000000077d83e30
 Begin Bits: [0x0000000012f30000, 0x0000000014f00000)
 End Bits:   [0x0000000014f00000, 0x0000000016ed0000)

Polling page: 0x0000000002a60000

CodeCache: size=245760Kb used=1414Kb max_used=1414Kb free=244345Kb
 bounds [0x00000000030c0000, 0x0000000003330000, 0x00000000120c0000]
 total_blobs=454 nmethods=179 adapters=188
 compilation: enabled

Compilation events (10 events):
Event: 0.467 Thread 0x000000001902e800  173       3       java.lang.String::getBytes (14 bytes)
Event: 0.467 Thread 0x000000001902e800 nmethod 173 0x000000000321f410 code [0x000000000321f580, 0x000000000321f728]
Event: 0.467 Thread 0x000000001902e800  174   !   3       java.lang.StringCoding::encode (64 bytes)
Event: 0.468 Thread 0x000000001902e800 nmethod 174 0x000000000321f7d0 code [0x000000000321fa40, 0x0000000003220748]
Event: 0.468 Thread 0x000000001902e800  175       1       java.net.URLStreamHandler::getDefaultPort (2 bytes)
Event: 0.468 Thread 0x000000001902e800 nmethod 175 0x0000000003220dd0 code [0x0000000003220f20, 0x0000000003221030]
Event: 0.469 Thread 0x000000001902e800  176       3       java.lang.ref.Reference::<init> (25 bytes)
Event: 0.470 Thread 0x000000001902e800 nmethod 176 0x0000000003221090 code [0x0000000003221200, 0x0000000003221470]
Event: 0.470 Thread 0x000000001902e800  177       3       java.lang.reflect.Modifier::isPublic (12 bytes)
Event: 0.470 Thread 0x000000001902e800 nmethod 177 0x0000000003221550 code [0x00000000032216a0, 0x0000000003221830]

GC Heap History (0 events):
No events

Deoptimization events (1 events):
Event: 0.434 Thread 0x0000000002a7e800 Uncommon trap: reason=unstable_if action=reinterpret pc=0x00000000031eb540 method=java.lang.CharacterData.of(I)Ljava/lang/CharacterData; @ 4

Classes redefined (0 events):
No events

Internal exceptions (6 events):
Event: 0.041 Thread 0x0000000002a7e800 Exception <a 'java/lang/NoSuchMethodError': Method sun.misc.Unsafe.defineClass(Ljava/lang/String;[BII)Ljava/lang/Class; name or signature does not match> (0x00000000d5987cb0) thrown at [C:\re\workspace\8-2-build-windows-amd64-cygwin\jdk8u191\11896\hotspot
Event: 0.041 Thread 0x0000000002a7e800 Exception <a 'java/lang/NoSuchMethodError': Method sun.misc.Unsafe.prefetchRead(Ljava/lang/Object;J)V name or signature does not match> (0x00000000d5987f98) thrown at [C:\re\workspace\8-2-build-windows-amd64-cygwin\jdk8u191\11896\hotspot\src\share\vm\prim
Event: 0.150 Thread 0x0000000002a7e800 Exception <a 'java/security/PrivilegedActionException'> (0x00000000d5a80be8) thrown at [C:\re\workspace\8-2-build-windows-amd64-cygwin\jdk8u191\11896\hotspot\src\share\vm\prims\jvm.cpp, line 1435]
Event: 0.151 Thread 0x0000000002a7e800 Exception <a 'java/security/PrivilegedActionException'> (0x00000000d5a80df8) thrown at [C:\re\workspace\8-2-build-windows-amd64-cygwin\jdk8u191\11896\hotspot\src\share\vm\prims\jvm.cpp, line 1435]
Event: 0.151 Thread 0x0000000002a7e800 Exception <a 'java/security/PrivilegedActionException'> (0x00000000d5a84d08) thrown at [C:\re\workspace\8-2-build-windows-amd64-cygwin\jdk8u191\11896\hotspot\src\share\vm\prims\jvm.cpp, line 1435]
Event: 0.151 Thread 0x0000000002a7e800 Exception <a 'java/security/PrivilegedActionException'> (0x00000000d5a84f18) thrown at [C:\re\workspace\8-2-build-windows-amd64-cygwin\jdk8u191\11896\hotspot\src\share\vm\prims\jvm.cpp, line 1435]

Events (10 events):
Event: 0.467 loading class sun/reflect/UnsafeBooleanFieldAccessorImpl
Event: 0.467 loading class sun/reflect/UnsafeBooleanFieldAccessorImpl done
Event: 0.468 loading class com/sun/jna/CallbackReference
Event: 0.468 loading class com/sun/jna/CallbackReference done
Event: 0.469 Executing VM operation: Deoptimize
Event: 0.469 Executing VM operation: Deoptimize done
Event: 0.469 loading class com/sun/jna/CallbackProxy
Event: 0.469 loading class com/sun/jna/CallbackProxy done
Event: 0.470 loading class com/sun/jna/Function$PostCallRead
Event: 0.470 loading class com/sun/jna/Function$PostCallRead done


Dynamic libraries:
0x00007ff76a470000 - 0x00007ff76a4a7000 	C:\Program Files\Java\jdk1.8.0_191\bin\javaw.exe
0x00007ff876480000 - 0x00007ff876661000 	C:\Windows\SYSTEM32\ntdll.dll
0x00007ff8746c0000 - 0x00007ff874771000 	C:\Windows\System32\KERNEL32.DLL
0x00007ff872a90000 - 0x00007ff872d03000 	C:\Windows\System32\KERNELBASE.dll
0x00007ff8741d0000 - 0x00007ff874271000 	C:\Windows\System32\ADVAPI32.dll
0x00007ff8740d0000 - 0x00007ff87416e000 	C:\Windows\System32\msvcrt.dll
0x00007ff874170000 - 0x00007ff8741cb000 	C:\Windows\System32\sechost.dll
0x00007ff873ef0000 - 0x00007ff874014000 	C:\Windows\System32\RPCRT4.dll
0x00007ff874e80000 - 0x00007ff875010000 	C:\Windows\System32\USER32.dll
0x00007ff872a70000 - 0x00007ff872a90000 	C:\Windows\System32\win32u.dll
0x00007ff873ec0000 - 0x00007ff873ee8000 	C:\Windows\System32\GDI32.dll
0x00007ff873770000 - 0x00007ff873902000 	C:\Windows\System32\gdi32full.dll
0x00007ff8728d0000 - 0x00007ff87296f000 	C:\Windows\System32\msvcp_win.dll
0x00007ff872970000 - 0x00007ff872a68000 	C:\Windows\System32\ucrtbase.dll
0x00007ff864230000 - 0x00007ff864499000 	C:\Windows\WinSxS\amd64_microsoft.windows.common-controls_6595b64144ccf1df_6.0.17134.765_none_fb42a1a930655896\COMCTL32.dll
0x00007ff874b50000 - 0x00007ff874e72000 	C:\Windows\System32\combase.dll
0x00007ff872850000 - 0x00007ff8728ca000 	C:\Windows\System32\bcryptPrimitives.dll
0x00007ff874630000 - 0x00007ff87465d000 	C:\Windows\System32\IMM32.DLL
0x00000000773b0000 - 0x0000000077482000 	C:\Program Files\Java\jdk1.8.0_191\jre\bin\msvcr100.dll
0x0000000077560000 - 0x0000000077e04000 	C:\Program Files\Java\jdk1.8.0_191\jre\bin\server\jvm.dll
0x00007ff874280000 - 0x00007ff874288000 	C:\Windows\System32\PSAPI.DLL
0x00007ff86f8c0000 - 0x00007ff86f8c9000 	C:\Windows\SYSTEM32\WSOCK32.dll
0x00007ff874990000 - 0x00007ff8749fc000 	C:\Windows\System32\WS2_32.dll
0x00007ff870af0000 - 0x00007ff870b13000 	C:\Windows\SYSTEM32\WINMM.dll
0x00007ff86d960000 - 0x00007ff86d96a000 	C:\Windows\SYSTEM32\VERSION.dll
0x00007ff870aa0000 - 0x00007ff870aca000 	C:\Windows\SYSTEM32\WINMMBASE.dll
0x00007ff872dc0000 - 0x00007ff872e09000 	C:\Windows\System32\cfgmgr32.dll
0x0000000051390000 - 0x000000005139f000 	C:\Program Files\Java\jdk1.8.0_191\jre\bin\verify.dll
0x0000000051360000 - 0x0000000051389000 	C:\Program Files\Java\jdk1.8.0_191\jre\bin\java.dll
0x0000000051340000 - 0x0000000051356000 	C:\Program Files\Java\jdk1.8.0_191\jre\bin\zip.dll
0x00007ff875010000 - 0x00007ff876450000 	C:\Windows\System32\SHELL32.dll
0x00007ff874780000 - 0x00007ff874829000 	C:\Windows\System32\shcore.dll
0x00007ff872e10000 - 0x00007ff87351d000 	C:\Windows\System32\windows.storage.dll
0x00007ff874660000 - 0x00007ff8746b1000 	C:\Windows\System32\shlwapi.dll
0x00007ff872810000 - 0x00007ff872821000 	C:\Windows\System32\kernel.appcore.dll
0x00007ff8727f0000 - 0x00007ff87280f000 	C:\Windows\System32\profapi.dll
0x00007ff8727a0000 - 0x00007ff8727ec000 	C:\Windows\System32\powrprof.dll
0x00007ff872790000 - 0x00007ff87279a000 	C:\Windows\System32\FLTLIB.DLL
0x00007ff872160000 - 0x00007ff872177000 	C:\Windows\SYSTEM32\CRYPTSP.dll
0x00007ff871b90000 - 0x00007ff871bc3000 	C:\Windows\system32\rsaenh.dll
0x00007ff872290000 - 0x00007ff8722b5000 	C:\Windows\SYSTEM32\bcrypt.dll
0x00007ff8726c0000 - 0x00007ff8726e8000 	C:\Windows\SYSTEM32\USERENV.dll
0x00007ff872180000 - 0x00007ff87218b000 	C:\Windows\SYSTEM32\CRYPTBASE.dll
0x0000000051320000 - 0x000000005133a000 	C:\Program Files\Java\jdk1.8.0_191\jre\bin\net.dll
0x00007ff871fb0000 - 0x00007ff872016000 	C:\Windows\system32\mswsock.dll
0x00007ff871d30000 - 0x00007ff871d68000 	C:\Windows\SYSTEM32\IPHLPAPI.DLL
0x00007ff874020000 - 0x00007ff874028000 	C:\Windows\System32\NSI.dll
0x00007ff86db60000 - 0x00007ff86db76000 	C:\Windows\SYSTEM32\dhcpcsvc6.DLL
0x00007ff86db40000 - 0x00007ff86db5a000 	C:\Windows\SYSTEM32\dhcpcsvc.DLL
0x0000000051300000 - 0x0000000051311000 	C:\Program Files\Java\jdk1.8.0_191\jre\bin\nio.dll
0x0000000180000000 - 0x0000000180031000 	C:\Users\dell\AppData\Local\Temp\jna730221547143114493.tmp
0x00007ff84e5f0000 - 0x00007ff84e736000 	F:\CH-HCNetSDKV6.0.2.35_build20190411_Win64\CH-HCNetSDKV6.0.2.35_build20190411_Win64\库文件\HCNetSDK.dll
0x0000000019c40000 - 0x000000001a299000 	F:\CH-HCNetSDKV6.0.2.35_build20190411_Win64\CH-HCNetSDKV6.0.2.35_build20190411_Win64\库文件\HCCore.dll
0x00007ff864be0000 - 0x00007ff864da9000 	C:\Windows\SYSTEM32\dbghelp.dll

VM Arguments:
jvm_args: -Dfile.encoding=UTF-8 
java_command: com.JNA2.hiktest
java_class_path (initial): F:\workspace\teamwaya\javaProject\target\classes;F:\eclipse-jee-oxygen-R-win32-x86_64\eclipse\plugins\org.junit_4.12.0.v201504281640\junit.jar;F:\eclipse-jee-oxygen-R-win32-x86_64\eclipse\plugins\org.hamcrest.core_1.3.0.v201303031735.jar;F:\maven\repo\com\alibaba\fastjson\1.2.56\fastjson-1.2.56.jar;F:\maven\repo\com\sun\jna\jna\3.0.9\jna-3.0.9.jar
Launcher Type: SUN_STANDARD

Environment Variables:
JAVA_HOME=C:\Program Files\Java\jdk1.8.0_191
CLASSPATH= .;C:\Program Files\Java\jdk1.8.0_191\lib\dt.jar;C:\Program Files\Java\jdk1.8.0_191\lib\tools.jar; 
PATH=C:/Program Files/Java/jdk1.8.0_191/bin/../jre/bin/server;C:/Program Files/Java/jdk1.8.0_191/bin/../jre/bin;C:/Program Files/Java/jdk1.8.0_191/bin/../jre/lib/amd64;D:\xftp\;C:\Windows\system32C:\WindowsC:\Windows\System32\WbemC:\Windows\System32\WindowsPowerShell\v1.0\;C:\Program Files\Java\jdk1.8.0_191\bin;C:\Program Files\Java\jdk1.8.0_191\jre\bin;F:\maven\apache-maven-3.6.0\bin;C:\Windows\System32;C:\Program Files\MySQL\MySQL Utilities 1.6\;F:\Git\Gitaz\cmd;C:\Program Files\MySQL\MySQL Server 5.7\bin;C:\Windows;C:\Windows\system32\wbem;C:\Users\dell\AppData\Local\Microsoft\WindowsApps;;F:\eclipse-jee-oxygen-R-win32-x86_64\eclipse;
USERNAME=dell
OS=Windows_NT
PROCESSOR_IDENTIFIER=Intel64 Family 6 Model 58 Stepping 9, GenuineIntel



---------------  S Y S T E M  ---------------

OS: Windows 10.0 , 64 bit Build 17134 (10.0.17134.753)

CPU:total 4 (initial active 4) (4 cores per cpu, 1 threads per core) family 6 model 58 stepping 9, cmov, cx8, fxsr, mmx, sse, sse2, sse3, ssse3, sse4.1, sse4.2, popcnt, avx, aes, clmul, erms, tsc, tscinvbit, tscinv

Memory: 4k page, physical 8331772k(1881960k free), swap 12263932k(2093980k free)

vm_info: Java HotSpot(TM) 64-Bit Server VM (25.191-b12) for windows-amd64 JRE (1.8.0_191-b12), built on Oct  6 2018 09:29:03 by "java_re" with MS VC++ 10.0 (VS2010)

time: Thu Jun 06 09:00:05 2019
elapsed time: 0 seconds (0d 0h 0m 0s)

